TN:
SF:app.js
FN:26,(anonymous_0)
FN:30,(anonymous_1)
FNF:2
FNH:0
FNDA:0,(anonymous_0)
FNDA:0,(anonymous_1)
DA:1,1
DA:2,1
DA:4,1
DA:5,1
DA:6,1
DA:7,1
DA:8,1
DA:9,1
DA:10,1
DA:12,1
DA:14,1
DA:15,1
DA:16,1
DA:18,1
DA:19,1
DA:20,1
DA:21,1
DA:22,1
DA:23,1
DA:24,1
DA:26,1
DA:27,0
DA:30,1
DA:31,0
DA:32,0
DA:33,0
DA:39,1
LF:27
LH:23
BRDA:31,0,0,0
BRDA:31,0,1,0
BRDA:35,1,0,0
BRDA:35,1,1,0
BRF:4
BRH:0
end_of_record
TN:
SF:createAdminDocker.js
FN:4,(anonymous_0)
FNF:1
FNH:0
FNDA:0,(anonymous_0)
DA:1,0
DA:2,0
DA:4,0
DA:5,0
DA:7,0
DA:8,0
DA:11,0
DA:12,0
DA:13,0
DA:14,0
DA:15,0
DA:16,0
DA:20,0
DA:30,0
DA:31,0
DA:32,0
DA:33,0
DA:35,0
DA:36,0
DA:38,0
DA:39,0
DA:43,0
LF:22
LH:0
BRDA:7,0,0,0
BRDA:7,0,1,0
BRDA:12,1,0,0
BRDA:12,1,1,0
BRF:4
BRH:0
end_of_record
TN:
SF:createQuickAdmin.js
FN:5,(anonymous_0)
FNF:1
FNH:0
FNDA:0,(anonymous_0)
DA:1,0
DA:2,0
DA:3,0
DA:5,0
DA:6,0
DA:7,0
DA:8,0
DA:11,0
DA:12,0
DA:13,0
DA:14,0
DA:15,0
DA:16,0
DA:20,0
DA:28,0
DA:29,0
DA:30,0
DA:31,0
DA:33,0
DA:34,0
DA:36,0
DA:37,0
DA:41,0
LF:23
LH:0
BRDA:12,0,0,0
BRDA:12,0,1,0
BRF:2
BRH:0
end_of_record
TN:
SF:insertAdmin.js
FN:4,insertAdmin
FNF:1
FNH:0
FNDA:0,insertAdmin
DA:1,0
DA:2,0
DA:5,0
DA:6,0
DA:7,0
DA:9,0
DA:20,0
DA:21,0
DA:22,0
DA:23,0
DA:24,0
DA:28,0
DA:29,0
DA:32,0
DA:42,0
DA:43,0
DA:44,0
DA:46,0
DA:47,0
DA:49,0
DA:50,0
DA:54,0
LF:22
LH:0
BRDA:21,0,0,0
BRDA:21,0,1,0
BRF:2
BRH:0
end_of_record
TN:
SF:testAdmin.js
FN:5,testAdmin
FNF:1
FNH:0
FNDA:0,testAdmin
DA:1,0
DA:2,0
DA:3,0
DA:6,0
DA:7,0
DA:8,0
DA:11,0
DA:13,0
DA:14,0
DA:16,0
DA:26,0
DA:27,0
DA:28,0
DA:29,0
DA:31,0
DA:32,0
DA:33,0
DA:34,0
DA:35,0
DA:38,0
DA:39,0
DA:41,0
DA:42,0
DA:43,0
DA:44,0
DA:45,0
DA:49,0
DA:50,0
DA:52,0
DA:53,0
DA:57,0
LF:31
LH:0
BRDA:13,0,0,0
BRDA:13,0,1,0
BRDA:41,1,0,0
BRDA:41,1,1,0
BRF:4
BRH:0
end_of_record
TN:
SF:testLogin.js
FN:3,testLogin
FNF:1
FNH:0
FNDA:0,testLogin
DA:1,0
DA:4,0
DA:5,0
DA:10,0
DA:11,0
DA:13,0
DA:14,0
DA:15,0
DA:16,0
DA:18,0
DA:23,0
LF:11
LH:0
BRDA:14,0,0,0
BRDA:14,0,1,0
BRF:2
BRH:0
end_of_record
TN:
SF:config/db.js
FN:3,(anonymous_0)
FNF:1
FNH:0
FNDA:0,(anonymous_0)
DA:1,0
DA:3,0
DA:4,0
DA:5,0
DA:10,0
DA:12,0
DA:13,0
DA:14,0
DA:15,0
DA:16,0
DA:17,0
DA:19,0
DA:20,0
DA:25,0
LF:14
LH:0
BRDA:19,0,0,0
BRDA:19,0,1,0
BRF:2
BRH:0
end_of_record
TN:
SF:controllers/adminController.js
FN:7,(anonymous_0)
FN:30,(anonymous_1)
FN:45,(anonymous_2)
FN:98,(anonymous_3)
FN:132,(anonymous_4)
FNF:5
FNH:0
FNDA:0,(anonymous_0)
FNDA:0,(anonymous_1)
FNDA:0,(anonymous_2)
FNDA:0,(anonymous_3)
FNDA:0,(anonymous_4)
DA:1,1
DA:2,1
DA:7,1
DA:8,0
DA:9,0
DA:13,0
DA:14,0
DA:15,0
DA:16,0
DA:17,0
DA:21,0
DA:23,0
DA:30,1
DA:31,0
DA:32,0
DA:36,0
DA:38,0
DA:45,1
DA:46,0
DA:47,0
DA:49,0
DA:50,0
DA:53,0
DA:54,0
DA:55,0
DA:57,0
DA:59,0
DA:60,0
DA:61,0
DA:63,0
DA:64,0
DA:66,0
DA:67,0
DA:72,0
DA:74,0
DA:75,0
DA:78,0
DA:91,0
DA:98,1
DA:99,0
DA:100,0
DA:101,0
DA:103,0
DA:104,0
DA:107,0
DA:108,0
DA:109,0
DA:111,0
DA:113,0
DA:125,0
DA:132,1
DA:133,0
DA:134,0
DA:135,0
DA:137,0
DA:138,0
DA:139,0
DA:140,0
DA:141,0
DA:143,0
DA:151,0
DA:155,1
LF:62
LH:8
BRDA:14,0,0,0
BRDA:14,0,1,0
BRDA:16,1,0,0
BRDA:16,1,1,0
BRDA:49,2,0,0
BRDA:49,2,1,0
BRDA:59,3,0,0
BRDA:59,3,1,0
BRDA:61,4,0,0
BRDA:61,4,1,0
BRDA:61,5,0,0
BRDA:61,5,1,0
BRDA:61,6,0,0
BRDA:61,6,1,0
BRDA:81,7,0,0
BRDA:81,7,1,0
BRDA:103,8,0,0
BRDA:103,8,1,0
BRDA:109,9,0,0
BRDA:109,9,1,0
BRF:20
BRH:0
end_of_record
TN:
SF:controllers/appointmentController.js
FN:7,(anonymous_0)
FN:71,(anonymous_1)
FN:88,(anonymous_2)
FNF:3
FNH:0
FNDA:0,(anonymous_0)
FNDA:0,(anonymous_1)
FNDA:0,(anonymous_2)
DA:1,1
DA:2,1
DA:7,1
DA:8,0
DA:16,0
DA:19,0
DA:20,0
DA:21,0
DA:24,0
DA:25,0
DA:29,0
DA:36,0
DA:37,0
DA:41,0
DA:42,0
DA:43,0
DA:45,0
DA:57,0
DA:59,0
DA:64,0
DA:71,1
DA:72,0
DA:73,0
DA:79,0
DA:81,0
DA:88,1
DA:89,0
DA:90,0
DA:91,0
DA:93,0
DA:94,0
DA:97,0
DA:98,0
DA:101,0
DA:102,0
DA:103,0
DA:105,0
DA:107,0
DA:109,0
DA:113,1
LF:40
LH:6
BRDA:20,0,0,0
BRDA:20,0,1,0
BRDA:24,1,0,0
BRDA:24,1,1,0
BRDA:36,2,0,0
BRDA:36,2,1,0
BRDA:93,3,0,0
BRDA:93,3,1,0
BRDA:97,4,0,0
BRDA:97,4,1,0
BRF:10
BRH:0
end_of_record
TN:
SF:controllers/authController.js
FN:8,(anonymous_0)
FN:50,(anonymous_1)
FN:117,(anonymous_2)
FN:187,(anonymous_3)
FNF:4
FNH:3
FNDA:7,(anonymous_0)
FNDA:3,(anonymous_1)
FNDA:0,(anonymous_2)
FNDA:1,(anonymous_3)
DA:1,1
DA:2,1
DA:3,1
DA:8,1
DA:9,7
DA:10,7
DA:13,7
DA:14,7
DA:16,7
DA:17,1
DA:21,6
DA:30,6
DA:31,6
DA:40,0
DA:43,0
DA:50,1
DA:51,3
DA:52,3
DA:54,3
DA:57,3
DA:58,3
DA:60,3
DA:63,3
DA:64,1
DA:65,1
DA:66,1
DA:68,2
DA:71,3
DA:72,1
DA:73,1
DA:76,2
DA:79,2
DA:80,2
DA:81,2
DA:83,2
DA:84,1
DA:85,1
DA:89,1
DA:90,0
DA:97,1
DA:98,1
DA:100,1
DA:110,0
DA:117,1
DA:118,0
DA:133,0
DA:135,0
DA:136,0
DA:139,0
DA:140,0
DA:142,0
DA:143,0
DA:147,0
DA:166,0
DA:167,0
DA:177,0
DA:180,0
DA:187,1
DA:188,1
DA:189,1
DA:191,0
DA:195,1
LF:62
LH:44
BRDA:16,0,0,1
BRDA:16,0,1,6
BRDA:16,1,0,7
BRDA:16,1,1,6
BRDA:30,2,0,6
BRDA:30,2,1,0
BRDA:60,3,0,2
BRDA:60,3,1,1
BRDA:63,4,0,1
BRDA:63,4,1,2
BRDA:66,5,0,0
BRDA:66,5,1,1
BRDA:71,6,0,1
BRDA:71,6,1,2
BRDA:83,7,0,1
BRDA:83,7,1,1
BRDA:89,8,0,0
BRDA:89,8,1,1
BRDA:89,9,0,1
BRDA:89,9,1,0
BRDA:135,10,0,0
BRDA:135,10,1,0
BRDA:142,11,0,0
BRDA:142,11,1,0
BRDA:142,12,0,0
BRDA:142,12,1,0
BRDA:166,13,0,0
BRDA:166,13,1,0
BRF:28
BRH:16
end_of_record
TN:
SF:controllers/consultationController.js
FN:7,(anonymous_0)
FN:14,(anonymous_1)
FN:73,(anonymous_2)
FN:132,(anonymous_3)
FN:193,(anonymous_4)
FNF:5
FNH:0
FNDA:0,(anonymous_0)
FNDA:0,(anonymous_1)
FNDA:0,(anonymous_2)
FNDA:0,(anonymous_3)
FNDA:0,(anonymous_4)
DA:1,1
DA:2,1
DA:3,1
DA:4,1
DA:7,1
DA:8,0
DA:14,1
DA:15,0
DA:16,0
DA:20,0
DA:21,0
DA:25,0
DA:26,0
DA:30,0
DA:31,0
DA:35,0
DA:36,0
DA:37,0
DA:44,0
DA:47,0
DA:48,0
DA:49,0
DA:52,0
DA:65,0
DA:66,0
DA:73,1
DA:74,0
DA:75,0
DA:79,0
DA:80,0
DA:84,0
DA:85,0
DA:87,0
DA:88,0
DA:91,0
DA:92,0
DA:95,0
DA:96,0
DA:99,0
DA:124,0
DA:125,0
DA:132,1
DA:133,0
DA:134,0
DA:135,0
DA:137,0
DA:138,0
DA:142,0
DA:143,0
DA:146,0
DA:147,0
DA:150,0
DA:151,0
DA:154,0
DA:158,0
DA:159,0
DA:161,0
DA:162,0
DA:166,0
DA:167,0
DA:169,0
DA:172,0
DA:173,0
DA:174,0
DA:179,0
DA:185,0
DA:186,0
DA:193,1
DA:194,0
DA:195,0
DA:199,0
DA:200,0
DA:204,0
DA:205,0
DA:207,0
DA:208,0
DA:211,0
DA:221,0
DA:225,1
LF:79
LH:10
BRDA:20,0,0,0
BRDA:20,0,1,0
BRDA:25,1,0,0
BRDA:25,1,1,0
BRDA:30,2,0,0
BRDA:30,2,1,0
BRDA:35,3,0,0
BRDA:35,3,1,0
BRDA:35,4,0,0
BRDA:35,4,1,0
BRDA:79,5,0,0
BRDA:79,5,1,0
BRDA:87,6,0,0
BRDA:87,6,1,0
BRDA:87,7,0,0
BRDA:87,7,1,0
BRDA:91,8,0,0
BRDA:91,8,1,0
BRDA:91,9,0,0
BRDA:91,9,1,0
BRDA:95,10,0,0
BRDA:95,10,1,0
BRDA:137,11,0,0
BRDA:137,11,1,0
BRDA:142,12,0,0
BRDA:142,12,1,0
BRDA:150,13,0,0
BRDA:150,13,1,0
BRDA:158,14,0,0
BRDA:158,14,1,0
BRDA:161,15,0,0
BRDA:161,15,1,0
BRDA:173,16,0,0
BRDA:173,16,1,0
BRDA:173,17,0,0
BRDA:173,17,1,0
BRDA:199,18,0,0
BRDA:199,18,1,0
BRDA:207,19,0,0
BRDA:207,19,1,0
BRDA:207,20,0,0
BRDA:207,20,1,0
BRDA:212,21,0,0
BRDA:212,21,1,0
BRF:44
BRH:0
end_of_record
TN:
SF:controllers/messageController.js
FN:5,(anonymous_0)
FN:17,(anonymous_1)
FN:72,(anonymous_2)
FN:116,(anonymous_3)
FN:141,(anonymous_4)
FN:159,(anonymous_5)
FN:179,(anonymous_6)
FNF:7
FNH:0
FNDA:0,(anonymous_0)
FNDA:0,(anonymous_1)
FNDA:0,(anonymous_2)
FNDA:0,(anonymous_3)
FNDA:0,(anonymous_4)
FNDA:0,(anonymous_5)
FNDA:0,(anonymous_6)
DA:1,1
DA:2,1
DA:5,1
DA:6,0
DA:13,0
DA:17,1
DA:18,0
DA:19,0
DA:20,0
DA:21,0
DA:23,0
DA:33,0
DA:34,0
DA:36,0
DA:39,0
DA:40,0
DA:41,0
DA:46,0
DA:48,0
DA:57,0
DA:60,0
DA:61,0
DA:63,0
DA:64,0
DA:66,0
DA:67,0
DA:72,1
DA:73,0
DA:74,0
DA:75,0
DA:76,0
DA:79,0
DA:80,0
DA:81,0
DA:85,0
DA:86,0
DA:88,0
DA:89,0
DA:93,0
DA:94,0
DA:99,0
DA:107,0
DA:108,0
DA:110,0
DA:111,0
DA:116,1
DA:117,0
DA:118,0
DA:119,0
DA:121,0
DA:133,0
DA:135,0
DA:136,0
DA:141,1
DA:142,0
DA:143,0
DA:145,0
DA:151,0
DA:153,0
DA:154,0
DA:159,1
DA:160,0
DA:161,0
DA:162,0
DA:165,0
DA:166,0
DA:167,0
DA:169,0
DA:172,0
DA:178,0
DA:180,0
DA:187,0
DA:194,0
DA:202,0
DA:204,0
DA:205,0
LF:76
LH:8
BRDA:21,0,0,0
BRDA:21,0,1,0
BRDA:33,1,0,0
BRDA:33,1,1,0
BRDA:39,2,0,0
BRDA:39,2,1,0
BRDA:80,3,0,0
BRDA:80,3,1,0
BRDA:85,4,0,0
BRDA:85,4,1,0
BRDA:86,5,0,0
BRDA:86,5,1,0
BRDA:88,6,0,0
BRDA:88,6,1,0
BRDA:88,7,0,0
BRDA:88,7,1,0
BRDA:93,8,0,0
BRDA:93,8,1,0
BRDA:166,9,0,0
BRDA:166,9,1,0
BRF:20
BRH:0
end_of_record
TN:
SF:controllers/professionalController.js
FN:7,(anonymous_0)
FN:24,(anonymous_1)
FN:42,(anonymous_2)
FN:68,(anonymous_3)
FN:96,(anonymous_4)
FN:108,(anonymous_5)
FNF:6
FNH:0
FNDA:0,(anonymous_0)
FNDA:0,(anonymous_1)
FNDA:0,(anonymous_2)
FNDA:0,(anonymous_3)
FNDA:0,(anonymous_4)
FNDA:0,(anonymous_5)
DA:1,1
DA:2,1
DA:7,1
DA:8,0
DA:9,0
DA:15,0
DA:17,0
DA:24,1
DA:25,0
DA:26,0
DA:33,0
DA:35,0
DA:42,1
DA:43,0
DA:44,0
DA:46,0
DA:47,0
DA:50,0
DA:51,0
DA:54,0
DA:55,0
DA:57,0
DA:59,0
DA:61,0
DA:68,1
DA:69,0
DA:70,0
DA:71,0
DA:73,0
DA:74,0
DA:77,0
DA:78,0
DA:81,0
DA:82,0
DA:83,0
DA:85,0
DA:87,0
DA:89,0
DA:96,1
DA:97,0
DA:98,0
DA:99,0
DA:101,0
DA:108,1
DA:109,0
DA:110,0
DA:112,0
DA:113,0
DA:117,0
DA:118,0
DA:119,0
DA:120,0
DA:121,0
DA:122,0
DA:124,0
DA:126,0
DA:131,0
DA:135,1
LF:58
LH:9
BRDA:46,0,0,0
BRDA:46,0,1,0
BRDA:50,1,0,0
BRDA:50,1,1,0
BRDA:73,2,0,0
BRDA:73,2,1,0
BRDA:77,3,0,0
BRDA:77,3,1,0
BRDA:112,4,0,0
BRDA:112,4,1,0
BRDA:117,5,0,0
BRDA:117,5,1,0
BRDA:118,6,0,0
BRDA:118,6,1,0
BRDA:119,7,0,0
BRDA:119,7,1,0
BRDA:120,8,0,0
BRDA:120,8,1,0
BRDA:121,9,0,0
BRDA:121,9,1,0
BRDA:122,10,0,0
BRDA:122,10,1,0
BRF:22
BRH:0
end_of_record
TN:
SF:controllers/userController.js
FN:6,(anonymous_0)
FN:39,(anonymous_1)
FNF:2
FNH:0
FNDA:0,(anonymous_0)
FNDA:0,(anonymous_1)
DA:1,1
DA:6,1
DA:7,0
DA:8,0
DA:10,0
DA:13,0
DA:14,0
DA:18,0
DA:19,0
DA:26,0
DA:30,0
DA:32,0
DA:39,1
DA:40,0
DA:41,0
DA:44,0
DA:45,0
DA:48,0
DA:49,0
DA:52,0
DA:54,0
DA:58,1
LF:22
LH:4
BRDA:13,0,0,0
BRDA:13,0,1,0
BRDA:18,1,0,0
BRDA:18,1,1,0
BRDA:44,2,0,0
BRDA:44,2,1,0
BRDA:48,3,0,0
BRDA:48,3,1,0
BRDA:48,4,0,0
BRDA:48,4,1,0
BRF:10
BRH:0
end_of_record
TN:
SF:middleware/auth.js
FN:6,(anonymous_0)
FN:47,(anonymous_1)
FN:56,(anonymous_2)
FN:72,(anonymous_3)
FN:81,(anonymous_4)
FNF:5
FNH:1
FNDA:2,(anonymous_0)
FNDA:0,(anonymous_1)
FNDA:0,(anonymous_2)
FNDA:0,(anonymous_3)
FNDA:0,(anonymous_4)
DA:1,1
DA:2,1
DA:3,1
DA:6,1
DA:9,2
DA:10,1
DA:12,1
DA:15,1
DA:18,1
DA:19,0
DA:20,0
DA:21,0
DA:24,1
DA:25,1
DA:26,1
DA:30,1
DA:31,0
DA:34,1
DA:36,0
DA:37,0
DA:41,2
DA:42,1
DA:47,1
DA:48,0
DA:49,0
DA:51,0
DA:56,1
DA:57,0
DA:58,0
DA:59,0
DA:61,0
DA:67,0
DA:72,1
DA:73,0
DA:74,0
DA:76,0
DA:81,1
DA:82,0
DA:83,0
DA:85,0
DA:89,1
LF:41
LH:21
BRDA:9,0,0,1
BRDA:9,0,1,1
BRDA:9,1,0,2
BRDA:9,1,1,1
BRDA:18,2,0,0
BRDA:18,2,1,1
BRDA:20,3,0,0
BRDA:20,3,1,0
BRDA:25,4,0,1
BRDA:25,4,1,0
BRDA:26,5,0,1
BRDA:26,5,1,0
BRDA:30,6,0,0
BRDA:30,6,1,1
BRDA:41,7,0,1
BRDA:41,7,1,1
BRDA:48,8,0,0
BRDA:48,8,1,0
BRDA:48,9,0,0
BRDA:48,9,1,0
BRDA:57,10,0,0
BRDA:57,10,1,0
BRDA:57,11,0,0
BRDA:57,11,1,0
BRDA:58,12,0,0
BRDA:58,12,1,0
BRDA:58,13,0,0
BRDA:58,13,1,0
BRDA:73,14,0,0
BRDA:73,14,1,0
BRDA:73,15,0,0
BRDA:73,15,1,0
BRDA:82,16,0,0
BRDA:82,16,1,0
BRDA:82,17,0,0
BRDA:82,17,1,0
BRF:36
BRH:10
end_of_record
TN:
SF:models/Appointment.js
FNF:0
FNH:0
DA:1,1
DA:3,1
DA:84,1
LF:3
LH:3
BRF:0
BRH:0
end_of_record
TN:
SF:models/Message.js
FN:60,(anonymous_0)
FNF:1
FNH:0
FNDA:0,(anonymous_0)
DA:1,1
DA:3,1
DA:56,1
DA:57,1
DA:60,1
DA:61,0
DA:62,0
DA:63,0
DA:66,1
LF:9
LH:6
BRF:0
BRH:0
end_of_record
TN:
SF:models/Professional.js
FN:134,(anonymous_0)
FN:145,(anonymous_1)
FNF:2
FNH:0
FNDA:0,(anonymous_0)
FNDA:0,(anonymous_1)
DA:1,1
DA:2,1
DA:4,1
DA:134,1
DA:135,0
DA:136,0
DA:139,0
DA:140,0
DA:141,0
DA:145,1
DA:146,0
DA:149,1
LF:12
LH:6
BRDA:135,0,0,0
BRDA:135,0,1,0
BRF:2
BRH:0
end_of_record
TN:
SF:models/User.js
FN:68,(anonymous_0)
FN:79,(anonymous_1)
FNF:2
FNH:2
FNDA:7,(anonymous_0)
FNDA:2,(anonymous_1)
DA:1,1
DA:2,1
DA:4,1
DA:68,1
DA:69,7
DA:70,1
DA:73,6
DA:74,6
DA:75,6
DA:79,1
DA:80,2
DA:83,1
LF:12
LH:12
BRDA:69,0,0,1
BRDA:69,0,1,6
BRF:2
BRH:2
end_of_record
TN:
SF:routes/adminRoutes.js
FNF:0
FNH:0
DA:1,1
DA:2,1
DA:9,1
DA:10,1
DA:13,1
DA:14,1
DA:16,1
DA:17,1
DA:18,1
DA:19,1
DA:20,1
DA:22,1
LF:12
LH:12
BRF:0
BRH:0
end_of_record
TN:
SF:routes/appointments.js
FNF:0
FNH:0
DA:1,1
DA:2,1
DA:7,1
DA:8,1
DA:11,1
DA:12,1
DA:14,1
DA:15,1
DA:16,1
DA:18,1
LF:10
LH:10
BRF:0
BRH:0
end_of_record
TN:
SF:routes/authRoutes.js
FNF:0
FNH:0
DA:1,1
DA:2,1
DA:8,1
DA:9,1
DA:12,1
DA:13,1
DA:14,1
DA:17,1
DA:19,1
LF:9
LH:9
BRF:0
BRH:0
end_of_record
TN:
SF:routes/consultations.js
FNF:0
FNH:0
DA:1,1
DA:2,1
DA:8,1
DA:9,1
DA:12,1
DA:15,1
DA:18,1
DA:21,1
DA:24,1
DA:26,1
LF:10
LH:10
BRF:0
BRH:0
end_of_record
TN:
SF:routes/messages.js
FNF:0
FNH:0
DA:1,1
DA:2,1
DA:3,1
DA:4,1
DA:7,1
DA:10,1
DA:13,1
DA:16,1
DA:19,1
DA:22,1
DA:24,1
LF:11
LH:11
BRF:0
BRH:0
end_of_record
TN:
SF:routes/professional.js
FNF:0
FNH:0
DA:1,1
DA:2,1
DA:10,1
DA:11,1
DA:14,1
DA:15,1
DA:18,1
DA:19,1
DA:20,1
DA:21,1
DA:24,1
DA:25,1
DA:27,1
LF:13
LH:13
BRF:0
BRH:0
end_of_record
TN:
SF:routes/userRoutes.js
FNF:0
FNH:0
DA:1,1
DA:2,1
DA:6,1
DA:9,1
DA:10,1
DA:12,1
LF:6
LH:6
BRF:0
BRH:0
end_of_record
TN:
SF:scripts/createAdmin.js
FN:4,createAdmin
FNF:1
FNH:0
FNDA:0,createAdmin
DA:1,0
DA:2,0
DA:5,0
DA:7,0
DA:9,0
DA:10,0
DA:11,0
DA:15,0
DA:25,0
DA:26,0
DA:27,0
DA:28,0
DA:30,0
DA:34,0
LF:14
LH:0
BRDA:9,0,0,0
BRDA:9,0,1,0
BRF:2
BRH:0
end_of_record
TN:
SF:scripts/setupAdmin.js
FN:5,(anonymous_0)
FNF:1
FNH:0
FNDA:0,(anonymous_0)
DA:1,0
DA:2,0
DA:3,0
DA:5,0
DA:6,0
DA:8,0
DA:12,0
DA:15,0
DA:18,0
DA:19,0
DA:20,0
DA:22,0
DA:23,0
DA:27,0
LF:14
LH:0
BRF:0
BRH:0
end_of_record
TN:
SF:utils/emailService.js
FN:3,(anonymous_0)
FNF:1
FNH:0
FNDA:0,(anonymous_0)
DA:1,1
DA:3,1
DA:4,0
DA:5,0
DA:8,0
DA:9,0
DA:10,0
DA:11,0
DA:12,0
DA:13,0
DA:14,0
DA:18,0
DA:27,0
DA:58,0
DA:59,0
DA:62,1
LF:16
LH:3
BRDA:8,0,0,0
BRDA:8,0,1,0
BRDA:8,1,0,0
BRDA:8,1,1,0
BRF:4
BRH:0
end_of_record
TN:
SF:utils/generateToken.js
FN:4,(anonymous_0)
FNF:1
FNH:1
FNDA:7,(anonymous_0)
DA:1,1
DA:4,1
DA:5,7
DA:12,1
LF:4
LH:4
BRF:0
BRH:0
end_of_record
